Base path: /Applications/Unity/Unity.app/Contents
Pipe name: \\.\pipe\UnityShaderCompiler-3--1334009856
Cmd: getPlatforms
Cmd: compileSnippet
  api=4 type=0 insize=1118 outsize=1055 kw= ok=1
Cmd: compileSnippet
  api=1 type=1 insize=1118 outsize=165 kw= ok=1
Cmd: compileSnippet
  api=4 type=0 insize=1454 outsize=1055 kw= ok=1
Cmd: compileSnippet
  api=1 type=1 insize=1454 outsize=244 kw= ok=1
Cmd: compileSnippet
  api=4 type=0 insize=1654 outsize=1055 kw= ok=1
Cmd: compileSnippet
  api=1 type=1 insize=1654 outsize=366 kw= ok=1
Cmd: compileSnippet
  api=9 type=0 insize=1118 outsize=549 kw= ok=1
Cmd: compileSnippet
  api=9 type=1 insize=1454 outsize=7 kw= ok=1
End of pipe

Quitting shader compiler process
