Base path: /Applications/Unity/Unity.app/Contents
Pipe name: \\.\pipe\UnityShaderCompiler-64bit-1-2071053072
Cmd: getPlatforms
Cmd: preprocess
  insize=1790 outsize=347 ok=1
Cmd: compileSnippet
  api=0 type=0 insize=1742 outsize=1904 kw= ok=1
Cmd: compileSnippet
  api=0 type=1 insize=1742 outsize=6 kw= ok=1
Cmd: preprocess
  insize=1820 outsize=377 ok=1
Cmd: compileSnippet
  error: 2 plat 0 at (50): '_Red' : undeclared identifier\nCompiling Vertex program
  api=0 type=0 insize=1742 outsize=0 kw= ok=0
Cmd: preprocess
  insize=1851 outsize=377 ok=1
Cmd: compileSnippet
  api=0 type=0 insize=1773 outsize=2055 kw= ok=1
Cmd: compileSnippet
  api=0 type=1 insize=1773 outsize=6 kw= ok=1
Cmd: preprocess
  insize=1931 outsize=376 ok=1
Cmd: compileSnippet
  api=0 type=0 insize=1854 outsize=2055 kw= ok=1
Cmd: compileSnippet
  api=0 type=1 insize=1854 outsize=6 kw= ok=1
Cmd: preprocess
  insize=2077 outsize=474 ok=1
Cmd: compileSnippet
  api=0 type=0 insize=1902 outsize=2672 kw= ok=1
Cmd: compileSnippet
  api=0 type=1 insize=1902 outsize=6 kw= ok=1
Cmd: preprocess
  insize=1882 outsize=387 ok=1
Cmd: compileSnippet
  api=0 type=0 insize=1794 outsize=2674 kw= ok=1
Cmd: compileSnippet
  api=0 type=1 insize=1794 outsize=6 kw= ok=1
Cmd: preprocess
  insize=1880 outsize=385 ok=1
Cmd: preprocess
  insize=1797 outsize=347 ok=1
Cmd: compileSnippet
  api=0 type=0 insize=1749 outsize=1867 kw= ok=1
Cmd: compileSnippet
  api=0 type=1 insize=1749 outsize=6 kw= ok=1
Cmd: compileSnippet
  api=0 type=0 insize=751 outsize=1880 kw=SHADOWS_DEPTH ok=1
Cmd: compileSnippet
  api=0 type=1 insize=751 outsize=6 kw=SHADOWS_DEPTH ok=1
Cmd: compileSnippet
  api=0 type=0 insize=982 outsize=9749 kw=DIRECTIONAL SHADOWS_OFF LIGHTMAP_OFF DIRLIGHTMAP_OFF DYNAMICLIGHTMAP_OFF ok=1
Cmd: compileSnippet
  api=0 type=1 insize=982 outsize=6 kw=DIRECTIONAL SHADOWS_OFF LIGHTMAP_OFF DIRLIGHTMAP_OFF DYNAMICLIGHTMAP_OFF ok=1
Cmd: compileSnippet
  api=0 type=0 insize=938 outsize=5621 kw=DIRECTIONAL SHADOWS_OFF ok=1
Cmd: compileSnippet
  api=0 type=1 insize=938 outsize=6 kw=DIRECTIONAL SHADOWS_OFF ok=1
Cmd: compileSnippet
  api=0 type=0 insize=938 outsize=5974 kw=POINT SHADOWS_OFF ok=1
Cmd: compileSnippet
  api=0 type=1 insize=938 outsize=6 kw=POINT SHADOWS_OFF ok=1
